# JRE version: Java(TM) SE Runtime Environment (8.0_401) (build 1.8.0_401-b10)
# Java VM: Java HotSpot(TM) 64-Bit Server VM (25.401-b10 mixed mode windows-amd64 compressed oops)
Heap:
 PSYoungGen      total 389120K, used 359936K [0x000000076b500000, 0x000000078c380000, 0x00000007c0000000)
  eden space 370688K, 97% used [0x000000076b500000,0x00000007814800b8,0x0000000781f00000)
  from space 18432K, 0% used [0x0000000781f00000,0x0000000781f00000,0x0000000783100000)
  to   space 23552K, 0% used [0x000000078ac80000,0x000000078ac80000,0x000000078c380000)
 ParOldGen       total 187904K, used 41154K [0x00000006c1e00000, 0x00000006cd580000, 0x000000076b500000)
  object space 187904K, 21% used [0x00000006c1e00000,0x00000006c4630b08,0x00000006cd580000)
 Metaspace       used 66742K, capacity 70192K, committed 70232K, reserved 1110016K
  class space    used 8749K, capacity 9332K, committed 9344K, reserved 1048576K
GC Heap History (10 events):
Event: 6.460 GC heap before
{Heap before GC invocations=8 (full 1):
 PSYoungGen      total 239104K, used 55281K [0x000000076b500000, 0x000000077b200000, 0x00000007c0000000)
  eden space 225280K, 18% used [0x000000076b500000,0x000000076dd81228,0x0000000779100000)
  from space 13824K, 99% used [0x000000077a300000,0x000000077b07b2a0,0x000000077b080000)
  to   space 16896K, 0% used [0x0000000779100000,0x0000000779100000,0x000000077a180000)
 ParOldGen       total 84992K, used 9917K [0x00000006c1e00000, 0x00000006c7100000, 0x000000076b500000)
  object space 84992K, 11% used [0x00000006c1e00000,0x00000006c27af4e0,0x00000006c7100000)
 Metaspace       used 33813K, capacity 35244K, committed 35416K, reserved 1079296K
  class space    used 4351K, capacity 4624K, committed 4736K, reserved 1048576K
Event: 6.475 GC heap after
Heap after GC invocations=8 (full 1):
 PSYoungGen      total 242176K, used 14631K [0x000000076b500000, 0x0000000784900000, 0x00000007c0000000)
  eden space 225280K, 0% used [0x000000076b500000,0x000000076b500000,0x0000000779100000)
  from space 16896K, 86% used [0x0000000779100000,0x0000000779f49dc0,0x000000077a180000)
  to   space 18432K, 0% used [0x0000000783700000,0x0000000783700000,0x0000000784900000)
 ParOldGen       total 84992K, used 9989K [0x00000006c1e00000, 0x00000006c7100000, 0x000000076b500000)
  object space 84992K, 11% used [0x00000006c1e00000,0x00000006c27c14f0,0x00000006c7100000)
 Metaspace       used 33813K, capacity 35244K, committed 35416K, reserved 1079296K
  class space    used 4351K, capacity 4624K, committed 4736K, reserved 1048576K
}
Event: 6.475 GC heap before
{Heap before GC invocations=9 (full 2):
 PSYoungGen      total 242176K, used 14631K [0x000000076b500000, 0x0000000784900000, 0x00000007c0000000)
  eden space 225280K, 0% used [0x000000076b500000,0x000000076b500000,0x0000000779100000)
  from space 16896K, 86% used [0x0000000779100000,0x0000000779f49dc0,0x000000077a180000)
  to   space 18432K, 0% used [0x0000000783700000,0x0000000783700000,0x0000000784900000)
 ParOldGen       total 84992K, used 9989K [0x00000006c1e00000, 0x00000006c7100000, 0x000000076b500000)
  object space 84992K, 11% used [0x00000006c1e00000,0x00000006c27c14f0,0x00000006c7100000)
 Metaspace       used 33813K, capacity 35244K, committed 35416K, reserved 1079296K
  class space    used 4351K, capacity 4624K, committed 4736K, reserved 1048576K
Event: 6.530 GC heap after
Heap after GC invocations=9 (full 2):
 PSYoungGen      total 242176K, used 0K [0x000000076b500000, 0x0000000784900000, 0x00000007c0000000)
  eden space 225280K, 0% used [0x000000076b500000,0x000000076b500000,0x0000000779100000)
  from space 16896K, 0% used [0x0000000779100000,0x0000000779100000,0x000000077a180000)
  to   space 18432K, 0% used [0x0000000783700000,0x0000000783700000,0x0000000784900000)
 ParOldGen       total 127488K, used 19111K [0x00000006c1e00000, 0x00000006c9a80000, 0x000000076b500000)
  object space 127488K, 14% used [0x00000006c1e00000,0x00000006c30a9ca0,0x00000006c9a80000)
 Metaspace       used 33813K, capacity 35244K, committed 35416K, reserved 1079296K
  class space    used 4351K, capacity 4624K, committed 4736K, reserved 1048576K
}
Event: 9.060 GC heap before
{Heap before GC invocations=10 (full 2):
 PSYoungGen      total 242176K, used 225280K [0x000000076b500000, 0x0000000784900000, 0x00000007c0000000)
  eden space 225280K, 100% used [0x000000076b500000,0x0000000779100000,0x0000000779100000)
  from space 16896K, 0% used [0x0000000779100000,0x0000000779100000,0x000000077a180000)
  to   space 18432K, 0% used [0x0000000783700000,0x0000000783700000,0x0000000784900000)
 ParOldGen       total 127488K, used 19111K [0x00000006c1e00000, 0x00000006c9a80000, 0x000000076b500000)
  object space 127488K, 14% used [0x00000006c1e00000,0x00000006c30a9ca0,0x00000006c9a80000)
 Metaspace       used 42573K, capacity 44478K, committed 44760K, reserved 1087488K
  class space    used 5498K, capacity 5873K, committed 5888K, reserved 1048576K
Event: 9.073 GC heap after
Heap after GC invocations=10 (full 2):
 PSYoungGen      total 376832K, used 12197K [0x000000076b500000, 0x0000000784300000, 0x00000007c0000000)
  eden space 364544K, 0% used [0x000000076b500000,0x000000076b500000,0x0000000781900000)
  from space 12288K, 99% used [0x0000000783700000,0x00000007842e9698,0x0000000784300000)
  to   space 18432K, 0% used [0x0000000781f00000,0x0000000781f00000,0x0000000783100000)
 ParOldGen       total 127488K, used 19119K [0x00000006c1e00000, 0x00000006c9a80000, 0x000000076b500000)
  object space 127488K, 14% used [0x00000006c1e00000,0x00000006c30abca0,0x00000006c9a80000)
 Metaspace       used 42573K, capacity 44478K, committed 44760K, reserved 1087488K
  class space    used 5498K, capacity 5873K, committed 5888K, reserved 1048576K
}
Event: 12.472 GC heap before
{Heap before GC invocations=11 (full 2):
 PSYoungGen      total 376832K, used 308598K [0x000000076b500000, 0x0000000784300000, 0x00000007c0000000)
  eden space 364544K, 81% used [0x000000076b500000,0x000000077d674278,0x0000000781900000)
  from space 12288K, 99% used [0x0000000783700000,0x00000007842e9698,0x0000000784300000)
  to   space 18432K, 0% used [0x0000000781f00000,0x0000000781f00000,0x0000000783100000)
 ParOldGen       total 127488K, used 19119K [0x00000006c1e00000, 0x00000006c9a80000, 0x000000076b500000)
  object space 127488K, 14% used [0x00000006c1e00000,0x00000006c30abca0,0x00000006c9a80000)
 Metaspace       used 56382K, capacity 58908K, committed 59028K, reserved 1099776K
  class space    used 7406K, capacity 7848K, committed 7936K, reserved 1048576K
Event: 12.503 GC heap after
Heap after GC invocations=11 (full 2):
 PSYoungGen      total 389120K, used 18422K [0x000000076b500000, 0x000000078c380000, 0x00000007c0000000)
  eden space 370688K, 0% used [0x000000076b500000,0x000000076b500000,0x0000000781f00000)
  from space 18432K, 99% used [0x0000000781f00000,0x00000007830fdbe8,0x0000000783100000)
  to   space 23552K, 0% used [0x000000078ac80000,0x000000078ac80000,0x000000078c380000)
 ParOldGen       total 127488K, used 24855K [0x00000006c1e00000, 0x00000006c9a80000, 0x000000076b500000)
  object space 127488K, 19% used [0x00000006c1e00000,0x00000006c3645ef0,0x00000006c9a80000)
 Metaspace       used 56382K, capacity 58908K, committed 59028K, reserved 1099776K
  class space    used 7406K, capacity 7848K, committed 7936K, reserved 1048576K
}
Event: 12.503 GC heap before
{Heap before GC invocations=12 (full 3):
 PSYoungGen      total 389120K, used 18422K [0x000000076b500000, 0x000000078c380000, 0x00000007c0000000)
  eden space 370688K, 0% used [0x000000076b500000,0x000000076b500000,0x0000000781f00000)
  from space 18432K, 99% used [0x0000000781f00000,0x00000007830fdbe8,0x0000000783100000)
  to   space 23552K, 0% used [0x000000078ac80000,0x000000078ac80000,0x000000078c380000)
 ParOldGen       total 127488K, used 24855K [0x00000006c1e00000, 0x00000006c9a80000, 0x000000076b500000)
  object space 127488K, 19% used [0x00000006c1e00000,0x00000006c3645ef0,0x00000006c9a80000)
 Metaspace       used 56382K, capacity 58908K, committed 59028K, reserved 1099776K
  class space    used 7406K, capacity 7848K, committed 7936K, reserved 1048576K
Event: 12.768 GC heap after
Heap after GC invocations=12 (full 3):
 PSYoungGen      total 389120K, used 0K [0x000000076b500000, 0x000000078c380000, 0x00000007c0000000)
  eden space 370688K, 0% used [0x000000076b500000,0x000000076b500000,0x0000000781f00000)
  from space 18432K, 0% used [0x0000000781f00000,0x0000000781f00000,0x0000000783100000)
  to   space 23552K, 0% used [0x000000078ac80000,0x000000078ac80000,0x000000078c380000)
 ParOldGen       total 187904K, used 41154K [0x00000006c1e00000, 0x00000006cd580000, 0x000000076b500000)
  object space 187904K, 21% used [0x00000006c1e00000,0x00000006c4630b08,0x00000006cd580000)
 Metaspace       used 56382K, capacity 58908K, committed 59028K, reserved 1099776K
  class space    used 7406K, capacity 7848K, committed 7936K, reserved 1048576K
}

