# JRE version: Java(TM) SE Runtime Environment (8.0_401) (build 1.8.0_401-b10)
# Java VM: Java HotSpot(TM) 64-Bit Server VM (25.401-b10 mixed mode windows-amd64 compressed oops)
Heap:
 PSYoungGen      total 403968K, used 21080K [0x000000076b500000, 0x000000078dd80000, 0x00000007c0000000)
  eden space 385024K, 5% used [0x000000076b500000,0x000000076c9961f0,0x0000000782d00000)
  from space 18944K, 0% used [0x0000000782d00000,0x0000000782d00000,0x0000000783f80000)
  to   space 23552K, 0% used [0x000000078c680000,0x000000078c680000,0x000000078dd80000)
 ParOldGen       total 122880K, used 40783K [0x00000006c1e00000, 0x00000006c9600000, 0x000000076b500000)
  object space 122880K, 33% used [0x00000006c1e00000,0x00000006c45d3dd0,0x00000006c9600000)
 Metaspace       used 56924K, capacity 59524K, committed 59608K, reserved 1101824K
  class space    used 7477K, capacity 7916K, committed 7936K, reserved 1048576K
GC Heap History (10 events):
Event: 8.699 GC heap before
{Heap before GC invocations=8 (full 1):
 PSYoungGen      total 243712K, used 52560K [0x000000076b500000, 0x000000077b680000, 0x00000007c0000000)
  eden space 229888K, 16% used [0x000000076b500000,0x000000076dad6fa0,0x0000000779580000)
  from space 13824K, 99% used [0x000000077a700000,0x000000077b47d138,0x000000077b480000)
  to   space 16896K, 0% used [0x0000000779580000,0x0000000779580000,0x000000077a600000)
 ParOldGen       total 83456K, used 9674K [0x00000006c1e00000, 0x00000006c6f80000, 0x000000076b500000)
  object space 83456K, 11% used [0x00000006c1e00000,0x00000006c2772a60,0x00000006c6f80000)
 Metaspace       used 33852K, capacity 35244K, committed 35416K, reserved 1079296K
  class space    used 4357K, capacity 4624K, committed 4736K, reserved 1048576K
Event: 8.713 GC heap after
Heap after GC invocations=8 (full 1):
 PSYoungGen      total 246784K, used 14543K [0x000000076b500000, 0x0000000785780000, 0x00000007c0000000)
  eden space 229888K, 0% used [0x000000076b500000,0x000000076b500000,0x0000000779580000)
  from space 16896K, 86% used [0x0000000779580000,0x000000077a3b3cc0,0x000000077a600000)
  to   space 18432K, 0% used [0x0000000784580000,0x0000000784580000,0x0000000785780000)
 ParOldGen       total 83456K, used 9682K [0x00000006c1e00000, 0x00000006c6f80000, 0x000000076b500000)
  object space 83456K, 11% used [0x00000006c1e00000,0x00000006c2774a60,0x00000006c6f80000)
 Metaspace       used 33852K, capacity 35244K, committed 35416K, reserved 1079296K
  class space    used 4357K, capacity 4624K, committed 4736K, reserved 1048576K
}
Event: 8.713 GC heap before
{Heap before GC invocations=9 (full 2):
 PSYoungGen      total 246784K, used 14543K [0x000000076b500000, 0x0000000785780000, 0x00000007c0000000)
  eden space 229888K, 0% used [0x000000076b500000,0x000000076b500000,0x0000000779580000)
  from space 16896K, 86% used [0x0000000779580000,0x000000077a3b3cc0,0x000000077a600000)
  to   space 18432K, 0% used [0x0000000784580000,0x0000000784580000,0x0000000785780000)
 ParOldGen       total 83456K, used 9682K [0x00000006c1e00000, 0x00000006c6f80000, 0x000000076b500000)
  object space 83456K, 11% used [0x00000006c1e00000,0x00000006c2774a60,0x00000006c6f80000)
 Metaspace       used 33852K, capacity 35244K, committed 35416K, reserved 1079296K
  class space    used 4357K, capacity 4624K, committed 4736K, reserved 1048576K
Event: 8.784 GC heap after
Heap after GC invocations=9 (full 2):
 PSYoungGen      total 246784K, used 0K [0x000000076b500000, 0x0000000785780000, 0x00000007c0000000)
  eden space 229888K, 0% used [0x000000076b500000,0x000000076b500000,0x0000000779580000)
  from space 16896K, 0% used [0x0000000779580000,0x0000000779580000,0x000000077a600000)
  to   space 18432K, 0% used [0x0000000784580000,0x0000000784580000,0x0000000785780000)
 ParOldGen       total 122880K, used 19028K [0x00000006c1e00000, 0x00000006c9600000, 0x000000076b500000)
  object space 122880K, 15% used [0x00000006c1e00000,0x00000006c30950f8,0x00000006c9600000)
 Metaspace       used 33852K, capacity 35244K, committed 35416K, reserved 1079296K
  class space    used 4357K, capacity 4624K, committed 4736K, reserved 1048576K
}
Event: 12.476 GC heap before
{Heap before GC invocations=10 (full 2):
 PSYoungGen      total 246784K, used 229888K [0x000000076b500000, 0x0000000785780000, 0x00000007c0000000)
  eden space 229888K, 100% used [0x000000076b500000,0x0000000779580000,0x0000000779580000)
  from space 16896K, 0% used [0x0000000779580000,0x0000000779580000,0x000000077a600000)
  to   space 18432K, 0% used [0x0000000784580000,0x0000000784580000,0x0000000785780000)
 ParOldGen       total 122880K, used 19028K [0x00000006c1e00000, 0x00000006c9600000, 0x000000076b500000)
  object space 122880K, 15% used [0x00000006c1e00000,0x00000006c30950f8,0x00000006c9600000)
 Metaspace       used 42802K, capacity 44770K, committed 45144K, reserved 1089536K
  class space    used 5542K, capacity 5905K, committed 6016K, reserved 1048576K
Event: 12.492 GC heap after
Heap after GC invocations=10 (full 2):
 PSYoungGen      total 392704K, used 12721K [0x000000076b500000, 0x0000000785200000, 0x00000007c0000000)
  eden space 379904K, 0% used [0x000000076b500000,0x000000076b500000,0x0000000782800000)
  from space 12800K, 99% used [0x0000000784580000,0x00000007851ec410,0x0000000785200000)
  to   space 18944K, 0% used [0x0000000782d00000,0x0000000782d00000,0x0000000783f80000)
 ParOldGen       total 122880K, used 19036K [0x00000006c1e00000, 0x00000006c9600000, 0x000000076b500000)
  object space 122880K, 15% used [0x00000006c1e00000,0x00000006c30970f8,0x00000006c9600000)
 Metaspace       used 42802K, capacity 44770K, committed 45144K, reserved 1089536K
  class space    used 5542K, capacity 5905K, committed 6016K, reserved 1048576K
}
Event: 16.980 GC heap before
{Heap before GC invocations=11 (full 2):
 PSYoungGen      total 392704K, used 304888K [0x000000076b500000, 0x0000000785200000, 0x00000007c0000000)
  eden space 379904K, 76% used [0x000000076b500000,0x000000077d251d28,0x0000000782800000)
  from space 12800K, 99% used [0x0000000784580000,0x00000007851ec410,0x0000000785200000)
  to   space 18944K, 0% used [0x0000000782d00000,0x0000000782d00000,0x0000000783f80000)
 ParOldGen       total 122880K, used 19036K [0x00000006c1e00000, 0x00000006c9600000, 0x000000076b500000)
  object space 122880K, 15% used [0x00000006c1e00000,0x00000006c30970f8,0x00000006c9600000)
 Metaspace       used 56367K, capacity 58930K, committed 59028K, reserved 1099776K
  class space    used 7399K, capacity 7849K, committed 7936K, reserved 1048576K
Event: 17.011 GC heap after
Heap after GC invocations=11 (full 2):
 PSYoungGen      total 403968K, used 18934K [0x000000076b500000, 0x000000078dd80000, 0x00000007c0000000)
  eden space 385024K, 0% used [0x000000076b500000,0x000000076b500000,0x0000000782d00000)
  from space 18944K, 99% used [0x0000000782d00000,0x0000000783f7da50,0x0000000783f80000)
  to   space 23552K, 0% used [0x000000078c680000,0x000000078c680000,0x000000078dd80000)
 ParOldGen       total 122880K, used 24006K [0x00000006c1e00000, 0x00000006c9600000, 0x000000076b500000)
  object space 122880K, 19% used [0x00000006c1e00000,0x00000006c3571b60,0x00000006c9600000)
 Metaspace       used 56367K, capacity 58930K, committed 59028K, reserved 1099776K
  class space    used 7399K, capacity 7849K, committed 7936K, reserved 1048576K
}
Event: 17.011 GC heap before
{Heap before GC invocations=12 (full 3):
 PSYoungGen      total 403968K, used 18934K [0x000000076b500000, 0x000000078dd80000, 0x00000007c0000000)
  eden space 385024K, 0% used [0x000000076b500000,0x000000076b500000,0x0000000782d00000)
  from space 18944K, 99% used [0x0000000782d00000,0x0000000783f7da50,0x0000000783f80000)
  to   space 23552K, 0% used [0x000000078c680000,0x000000078c680000,0x000000078dd80000)
 ParOldGen       total 122880K, used 24006K [0x00000006c1e00000, 0x00000006c9600000, 0x000000076b500000)
  object space 122880K, 19% used [0x00000006c1e00000,0x00000006c3571b60,0x00000006c9600000)
 Metaspace       used 56367K, capacity 58930K, committed 59028K, reserved 1099776K
  class space    used 7399K, capacity 7849K, committed 7936K, reserved 1048576K
Event: 17.237 GC heap after
Heap after GC invocations=12 (full 3):
 PSYoungGen      total 403968K, used 0K [0x000000076b500000, 0x000000078dd80000, 0x00000007c0000000)
  eden space 385024K, 0% used [0x000000076b500000,0x000000076b500000,0x0000000782d00000)
  from space 18944K, 0% used [0x0000000782d00000,0x0000000782d00000,0x0000000783f80000)
  to   space 23552K, 0% used [0x000000078c680000,0x000000078c680000,0x000000078dd80000)
 ParOldGen       total 122880K, used 40783K [0x00000006c1e00000, 0x00000006c9600000, 0x000000076b500000)
  object space 122880K, 33% used [0x00000006c1e00000,0x00000006c45d3dd0,0x00000006c9600000)
 Metaspace       used 56367K, capacity 58930K, committed 59028K, reserved 1099776K
  class space    used 7399K, capacity 7849K, committed 7936K, reserved 1048576K
}

