# JRE version: Java(TM) SE Runtime Environment (8.0_401) (build 1.8.0_401-b10)
# Java VM: Java HotSpot(TM) 64-Bit Server VM (25.401-b10 mixed mode windows-amd64 compressed oops)
Heap:
 PSYoungGen      total 416256K, used 34351K [0x000000076b500000, 0x0000000787180000, 0x00000007c0000000)
  eden space 402944K, 5% used [0x000000076b500000,0x000000076c9bd4d8,0x0000000783e80000)
  from space 13312K, 98% used [0x0000000786480000,0x000000078714e7c0,0x0000000787180000)
  to   space 18944K, 0% used [0x0000000784c80000,0x0000000784c80000,0x0000000785f00000)
 ParOldGen       total 79872K, used 19011K [0x00000006c1e00000, 0x00000006c6c00000, 0x000000076b500000)
  object space 79872K, 23% used [0x00000006c1e00000,0x00000006c3090d20,0x00000006c6c00000)
 Metaspace       used 43361K, capacity 45288K, committed 45400K, reserved 1089536K
  class space    used 5610K, capacity 5970K, committed 6016K, reserved 1048576K
GC Heap History (10 events):
Event: 4.283 GC heap before
{Heap before GC invocations=5 (full 1):
 PSYoungGen      total 141824K, used 5301K [0x000000076b500000, 0x0000000774a00000, 0x00000007c0000000)
  eden space 131072K, 0% used [0x000000076b500000,0x000000076b500000,0x0000000773500000)
  from space 10752K, 49% used [0x0000000773f80000,0x00000007744ad690,0x0000000774a00000)
  to   space 10752K, 0% used [0x0000000773500000,0x0000000773500000,0x0000000773f80000)
 ParOldGen       total 175104K, used 40K [0x00000006c1e00000, 0x00000006cc900000, 0x000000076b500000)
  object space 175104K, 0% used [0x00000006c1e00000,0x00000006c1e0a000,0x00000006cc900000)
 Metaspace       used 20566K, capacity 21104K, committed 21248K, reserved 1067008K
  class space    used 2583K, capacity 2756K, committed 2816K, reserved 1048576K
Event: 4.318 GC heap after
Heap after GC invocations=5 (full 1):
 PSYoungGen      total 141824K, used 0K [0x000000076b500000, 0x0000000774a00000, 0x00000007c0000000)
  eden space 131072K, 0% used [0x000000076b500000,0x000000076b500000,0x0000000773500000)
  from space 10752K, 0% used [0x0000000773f80000,0x0000000773f80000,0x0000000774a00000)
  to   space 10752K, 0% used [0x0000000773500000,0x0000000773500000,0x0000000773f80000)
 ParOldGen       total 79872K, used 5145K [0x00000006c1e00000, 0x00000006c6c00000, 0x000000076b500000)
  object space 79872K, 6% used [0x00000006c1e00000,0x00000006c2306560,0x00000006c6c00000)
 Metaspace       used 20566K, capacity 21104K, committed 21248K, reserved 1067008K
  class space    used 2583K, capacity 2756K, committed 2816K, reserved 1048576K
}
Event: 6.699 GC heap before
{Heap before GC invocations=6 (full 1):
 PSYoungGen      total 141824K, used 131072K [0x000000076b500000, 0x0000000774a00000, 0x00000007c0000000)
  eden space 131072K, 100% used [0x000000076b500000,0x0000000773500000,0x0000000773500000)
  from space 10752K, 0% used [0x0000000773f80000,0x0000000773f80000,0x0000000774a00000)
  to   space 10752K, 0% used [0x0000000773500000,0x0000000773500000,0x0000000773f80000)
 ParOldGen       total 79872K, used 5145K [0x00000006c1e00000, 0x00000006c6c00000, 0x000000076b500000)
  object space 79872K, 6% used [0x00000006c1e00000,0x00000006c2306560,0x00000006c6c00000)
 Metaspace       used 27694K, capacity 28518K, committed 28544K, reserved 1075200K
  class space    used 3516K, capacity 3707K, committed 3712K, reserved 1048576K
Event: 6.722 GC heap after
Heap after GC invocations=6 (full 1):
 PSYoungGen      total 141824K, used 10743K [0x000000076b500000, 0x000000077bc80000, 0x00000007c0000000)
  eden space 131072K, 0% used [0x000000076b500000,0x000000076b500000,0x0000000773500000)
  from space 10752K, 99% used [0x0000000773500000,0x0000000773f7df78,0x0000000773f80000)
  to   space 13824K, 0% used [0x000000077af00000,0x000000077af00000,0x000000077bc80000)
 ParOldGen       total 79872K, used 7934K [0x00000006c1e00000, 0x00000006c6c00000, 0x000000076b500000)
  object space 79872K, 9% used [0x00000006c1e00000,0x00000006c25bf9f0,0x00000006c6c00000)
 Metaspace       used 27694K, capacity 28518K, committed 28544K, reserved 1075200K
  class space    used 3516K, capacity 3707K, committed 3712K, reserved 1048576K
}
Event: 8.707 GC heap before
{Heap before GC invocations=7 (full 1):
 PSYoungGen      total 141824K, used 141815K [0x000000076b500000, 0x000000077bc80000, 0x00000007c0000000)
  eden space 131072K, 100% used [0x000000076b500000,0x0000000773500000,0x0000000773500000)
  from space 10752K, 99% used [0x0000000773500000,0x0000000773f7df78,0x0000000773f80000)
  to   space 13824K, 0% used [0x000000077af00000,0x000000077af00000,0x000000077bc80000)
 ParOldGen       total 79872K, used 7934K [0x00000006c1e00000, 0x00000006c6c00000, 0x000000076b500000)
  object space 79872K, 9% used [0x00000006c1e00000,0x00000006c25bf9f0,0x00000006c6c00000)
 Metaspace       used 32219K, capacity 33344K, committed 33664K, reserved 1079296K
  class space    used 4144K, capacity 4380K, committed 4480K, reserved 1048576K
Event: 8.724 GC heap after
Heap after GC invocations=7 (full 1):
 PSYoungGen      total 251904K, used 13820K [0x000000076b500000, 0x000000077be80000, 0x00000007c0000000)
  eden space 238080K, 0% used [0x000000076b500000,0x000000076b500000,0x0000000779d80000)
  from space 13824K, 99% used [0x000000077af00000,0x000000077bc7f280,0x000000077bc80000)
  to   space 16896K, 0% used [0x0000000779d80000,0x0000000779d80000,0x000000077ae00000)
 ParOldGen       total 79872K, used 9688K [0x00000006c1e00000, 0x00000006c6c00000, 0x000000076b500000)
  object space 79872K, 12% used [0x00000006c1e00000,0x00000006c2776240,0x00000006c6c00000)
 Metaspace       used 32219K, capacity 33344K, committed 33664K, reserved 1079296K
  class space    used 4144K, capacity 4380K, committed 4480K, reserved 1048576K
}
Event: 11.137 GC heap before
{Heap before GC invocations=8 (full 1):
 PSYoungGen      total 251904K, used 54168K [0x000000076b500000, 0x000000077be80000, 0x00000007c0000000)
  eden space 238080K, 16% used [0x000000076b500000,0x000000076dc67060,0x0000000779d80000)
  from space 13824K, 99% used [0x000000077af00000,0x000000077bc7f280,0x000000077bc80000)
  to   space 16896K, 0% used [0x0000000779d80000,0x0000000779d80000,0x000000077ae00000)
 ParOldGen       total 79872K, used 9688K [0x00000006c1e00000, 0x00000006c6c00000, 0x000000076b500000)
  object space 79872K, 12% used [0x00000006c1e00000,0x00000006c2776240,0x00000006c6c00000)
 Metaspace       used 33829K, capacity 35248K, committed 35416K, reserved 1079296K
  class space    used 4356K, capacity 4624K, committed 4736K, reserved 1048576K
Event: 11.158 GC heap after
Heap after GC invocations=8 (full 1):
 PSYoungGen      total 254976K, used 14569K [0x000000076b500000, 0x0000000787680000, 0x00000007c0000000)
  eden space 238080K, 0% used [0x000000076b500000,0x000000076b500000,0x0000000779d80000)
  from space 16896K, 86% used [0x0000000779d80000,0x000000077abba660,0x000000077ae00000)
  to   space 18432K, 0% used [0x0000000786480000,0x0000000786480000,0x0000000787680000)
 ParOldGen       total 79872K, used 9696K [0x00000006c1e00000, 0x00000006c6c00000, 0x000000076b500000)
  object space 79872K, 12% used [0x00000006c1e00000,0x00000006c2778240,0x00000006c6c00000)
 Metaspace       used 33829K, capacity 35248K, committed 35416K, reserved 1079296K
  class space    used 4356K, capacity 4624K, committed 4736K, reserved 1048576K
}
Event: 11.158 GC heap before
{Heap before GC invocations=9 (full 2):
 PSYoungGen      total 254976K, used 14569K [0x000000076b500000, 0x0000000787680000, 0x00000007c0000000)
  eden space 238080K, 0% used [0x000000076b500000,0x000000076b500000,0x0000000779d80000)
  from space 16896K, 86% used [0x0000000779d80000,0x000000077abba660,0x000000077ae00000)
  to   space 18432K, 0% used [0x0000000786480000,0x0000000786480000,0x0000000787680000)
 ParOldGen       total 79872K, used 9696K [0x00000006c1e00000, 0x00000006c6c00000, 0x000000076b500000)
  object space 79872K, 12% used [0x00000006c1e00000,0x00000006c2778240,0x00000006c6c00000)
 Metaspace       used 33829K, capacity 35248K, committed 35416K, reserved 1079296K
  class space    used 4356K, capacity 4624K, committed 4736K, reserved 1048576K
Event: 11.241 GC heap after
Heap after GC invocations=9 (full 2):
 PSYoungGen      total 254976K, used 0K [0x000000076b500000, 0x0000000787680000, 0x00000007c0000000)
  eden space 238080K, 0% used [0x000000076b500000,0x000000076b500000,0x0000000779d80000)
  from space 16896K, 0% used [0x0000000779d80000,0x0000000779d80000,0x000000077ae00000)
  to   space 18432K, 0% used [0x0000000786480000,0x0000000786480000,0x0000000787680000)
 ParOldGen       total 79872K, used 19003K [0x00000006c1e00000, 0x00000006c6c00000, 0x000000076b500000)
  object space 79872K, 23% used [0x00000006c1e00000,0x00000006c308ed20,0x00000006c6c00000)
 Metaspace       used 33829K, capacity 35248K, committed 35416K, reserved 1079296K
  class space    used 4356K, capacity 4624K, committed 4736K, reserved 1048576K
}

