# JRE version: Java(TM) SE Runtime Environment (8.0_401) (build 1.8.0_401-b10)
# Java VM: Java HotSpot(TM) 64-Bit Server VM (25.401-b10 mixed mode windows-amd64 compressed oops)
Heap:
 PSYoungGen      total 506368K, used 177829K [0x000000076b500000, 0x000000078e000000, 0x00000007c0000000)
  eden space 485888K, 32% used [0x000000076b500000,0x0000000774ebe548,0x0000000788f80000)
  from space 20480K, 99% used [0x000000078cc00000,0x000000078dfeb0d0,0x000000078e000000)
  to   space 25088K, 0% used [0x000000078af00000,0x000000078af00000,0x000000078c780000)
 ParOldGen       total 173568K, used 40898K [0x00000006c1e00000, 0x00000006cc780000, 0x000000076b500000)
  object space 173568K, 23% used [0x00000006c1e00000,0x00000006c45f0958,0x00000006cc780000)
 Metaspace       used 70384K, capacity 74194K, committed 74456K, reserved 1114112K
  class space    used 9034K, capacity 9663K, committed 9728K, reserved 1048576K
GC Heap History (10 events):
Event: 6.232 GC heap before
{Heap before GC invocations=9 (full 2):
 PSYoungGen      total 245760K, used 14796K [0x000000076b500000, 0x0000000785400000, 0x00000007c0000000)
  eden space 228864K, 0% used [0x000000076b500000,0x000000076b500000,0x0000000779480000)
  from space 16896K, 87% used [0x0000000779480000,0x000000077a2f3198,0x000000077a500000)
  to   space 18432K, 0% used [0x0000000784200000,0x0000000784200000,0x0000000785400000)
 ParOldGen       total 82944K, used 9745K [0x00000006c1e00000, 0x00000006c6f00000, 0x000000076b500000)
  object space 82944K, 11% used [0x00000006c1e00000,0x00000006c2784738,0x00000006c6f00000)
 Metaspace       used 33868K, capacity 35252K, committed 35416K, reserved 1079296K
  class space    used 4361K, capacity 4624K, committed 4736K, reserved 1048576K
Event: 6.281 GC heap after
Heap after GC invocations=9 (full 2):
 PSYoungGen      total 245760K, used 0K [0x000000076b500000, 0x0000000785400000, 0x00000007c0000000)
  eden space 228864K, 0% used [0x000000076b500000,0x000000076b500000,0x0000000779480000)
  from space 16896K, 0% used [0x0000000779480000,0x0000000779480000,0x000000077a500000)
  to   space 18432K, 0% used [0x0000000784200000,0x0000000784200000,0x0000000785400000)
 ParOldGen       total 120832K, used 19194K [0x00000006c1e00000, 0x00000006c9400000, 0x000000076b500000)
  object space 120832K, 15% used [0x00000006c1e00000,0x00000006c30beb78,0x00000006c9400000)
 Metaspace       used 33868K, capacity 35252K, committed 35416K, reserved 1079296K
  class space    used 4361K, capacity 4624K, committed 4736K, reserved 1048576K
}
Event: 9.078 GC heap before
{Heap before GC invocations=10 (full 2):
 PSYoungGen      total 245760K, used 228864K [0x000000076b500000, 0x0000000785400000, 0x00000007c0000000)
  eden space 228864K, 100% used [0x000000076b500000,0x0000000779480000,0x0000000779480000)
  from space 16896K, 0% used [0x0000000779480000,0x0000000779480000,0x000000077a500000)
  to   space 18432K, 0% used [0x0000000784200000,0x0000000784200000,0x0000000785400000)
 ParOldGen       total 120832K, used 19194K [0x00000006c1e00000, 0x00000006c9400000, 0x000000076b500000)
  object space 120832K, 15% used [0x00000006c1e00000,0x00000006c30beb78,0x00000006c9400000)
 Metaspace       used 42822K, capacity 44706K, committed 44888K, reserved 1087488K
  class space    used 5546K, capacity 5905K, committed 6016K, reserved 1048576K
Event: 9.094 GC heap after
Heap after GC invocations=10 (full 2):
 PSYoungGen      total 395264K, used 12622K [0x000000076b500000, 0x0000000784f00000, 0x00000007c0000000)
  eden space 381952K, 0% used [0x000000076b500000,0x000000076b500000,0x0000000782a00000)
  from space 13312K, 94% used [0x0000000784200000,0x0000000784e53978,0x0000000784f00000)
  to   space 18944K, 0% used [0x0000000782a00000,0x0000000782a00000,0x0000000783c80000)
 ParOldGen       total 120832K, used 19202K [0x00000006c1e00000, 0x00000006c9400000, 0x000000076b500000)
  object space 120832K, 15% used [0x00000006c1e00000,0x00000006c30c0b78,0x00000006c9400000)
 Metaspace       used 42822K, capacity 44706K, committed 44888K, reserved 1087488K
  class space    used 5546K, capacity 5905K, committed 6016K, reserved 1048576K
}
Event: 12.700 GC heap before
{Heap before GC invocations=11 (full 2):
 PSYoungGen      total 395264K, used 311109K [0x000000076b500000, 0x0000000784f00000, 0x00000007c0000000)
  eden space 381952K, 78% used [0x000000076b500000,0x000000077d87ddc8,0x0000000782a00000)
  from space 13312K, 94% used [0x0000000784200000,0x0000000784e53978,0x0000000784f00000)
  to   space 18944K, 0% used [0x0000000782a00000,0x0000000782a00000,0x0000000783c80000)
 ParOldGen       total 120832K, used 19202K [0x00000006c1e00000, 0x00000006c9400000, 0x000000076b500000)
  object space 120832K, 15% used [0x00000006c1e00000,0x00000006c30c0b78,0x00000006c9400000)
 Metaspace       used 56390K, capacity 58912K, committed 59028K, reserved 1099776K
  class space    used 7407K, capacity 7848K, committed 7936K, reserved 1048576K
Event: 12.726 GC heap after
Heap after GC invocations=11 (full 2):
 PSYoungGen      total 400896K, used 18934K [0x000000076b500000, 0x000000078e280000, 0x00000007c0000000)
  eden space 381952K, 0% used [0x000000076b500000,0x000000076b500000,0x0000000782a00000)
  from space 18944K, 99% used [0x0000000782a00000,0x0000000783c7db60,0x0000000783c80000)
  to   space 23040K, 0% used [0x000000078cc00000,0x000000078cc00000,0x000000078e280000)
 ParOldGen       total 120832K, used 24154K [0x00000006c1e00000, 0x00000006c9400000, 0x000000076b500000)
  object space 120832K, 19% used [0x00000006c1e00000,0x00000006c3596a70,0x00000006c9400000)
 Metaspace       used 56390K, capacity 58912K, committed 59028K, reserved 1099776K
  class space    used 7407K, capacity 7848K, committed 7936K, reserved 1048576K
}
Event: 12.726 GC heap before
{Heap before GC invocations=12 (full 3):
 PSYoungGen      total 400896K, used 18934K [0x000000076b500000, 0x000000078e280000, 0x00000007c0000000)
  eden space 381952K, 0% used [0x000000076b500000,0x000000076b500000,0x0000000782a00000)
  from space 18944K, 99% used [0x0000000782a00000,0x0000000783c7db60,0x0000000783c80000)
  to   space 23040K, 0% used [0x000000078cc00000,0x000000078cc00000,0x000000078e280000)
 ParOldGen       total 120832K, used 24154K [0x00000006c1e00000, 0x00000006c9400000, 0x000000076b500000)
  object space 120832K, 19% used [0x00000006c1e00000,0x00000006c3596a70,0x00000006c9400000)
 Metaspace       used 56390K, capacity 58912K, committed 59028K, reserved 1099776K
  class space    used 7407K, capacity 7848K, committed 7936K, reserved 1048576K
Event: 12.944 GC heap after
Heap after GC invocations=12 (full 3):
 PSYoungGen      total 400896K, used 0K [0x000000076b500000, 0x000000078e280000, 0x00000007c0000000)
  eden space 381952K, 0% used [0x000000076b500000,0x000000076b500000,0x0000000782a00000)
  from space 18944K, 0% used [0x0000000782a00000,0x0000000782a00000,0x0000000783c80000)
  to   space 23040K, 0% used [0x000000078cc00000,0x000000078cc00000,0x000000078e280000)
 ParOldGen       total 173568K, used 40890K [0x00000006c1e00000, 0x00000006cc780000, 0x000000076b500000)
  object space 173568K, 23% used [0x00000006c1e00000,0x00000006c45ee958,0x00000006cc780000)
 Metaspace       used 56390K, capacity 58912K, committed 59028K, reserved 1099776K
  class space    used 7407K, capacity 7848K, committed 7936K, reserved 1048576K
}
Event: 34.730 GC heap before
{Heap before GC invocations=13 (full 3):
 PSYoungGen      total 400896K, used 381952K [0x000000076b500000, 0x000000078e280000, 0x00000007c0000000)
  eden space 381952K, 100% used [0x000000076b500000,0x0000000782a00000,0x0000000782a00000)
  from space 18944K, 0% used [0x0000000782a00000,0x0000000782a00000,0x0000000783c80000)
  to   space 23040K, 0% used [0x000000078cc00000,0x000000078cc00000,0x000000078e280000)
 ParOldGen       total 173568K, used 40890K [0x00000006c1e00000, 0x00000006cc780000, 0x000000076b500000)
  object space 173568K, 23% used [0x00000006c1e00000,0x00000006c45ee958,0x00000006cc780000)
 Metaspace       used 67569K, capacity 71016K, committed 71384K, reserved 1112064K
  class space    used 8818K, capacity 9406K, committed 9472K, reserved 1048576K
Event: 34.752 GC heap after
Heap after GC invocations=13 (full 3):
 PSYoungGen      total 506368K, used 20396K [0x000000076b500000, 0x000000078e000000, 0x00000007c0000000)
  eden space 485888K, 0% used [0x000000076b500000,0x000000076b500000,0x0000000788f80000)
  from space 20480K, 99% used [0x000000078cc00000,0x000000078dfeb0d0,0x000000078e000000)
  to   space 25088K, 0% used [0x000000078af00000,0x000000078af00000,0x000000078c780000)
 ParOldGen       total 173568K, used 40898K [0x00000006c1e00000, 0x00000006cc780000, 0x000000076b500000)
  object space 173568K, 23% used [0x00000006c1e00000,0x00000006c45f0958,0x00000006cc780000)
 Metaspace       used 67569K, capacity 71016K, committed 71384K, reserved 1112064K
  class space    used 8818K, capacity 9406K, committed 9472K, reserved 1048576K
}

